\BOOKMARK [0][-]{part.1}{\376\377\000I\000\040\000F\000r\000a\000u\000d\000\040\000E\000n\000f\000o\000r\000c\000e\000m\000e\000n\000t}{}% 1
\BOOKMARK [1][-]{section.1}{\376\377\000I\000n\000c\000e\000n\000t\000i\000v\000e\000\040\000C\000o\000n\000d\000i\000t\000i\000o\000n\000s}{part.1}% 2
\BOOKMARK [2][-]{subsection.1.1}{\376\377\000P\000r\000o\000v\000i\000d\000e\000r\000\040\000i\000n\000c\000e\000n\000t\000i\000v\000e\000s}{section.1}% 3
\BOOKMARK [2][-]{subsection.1.2}{\376\377\000C\000h\000a\000l\000l\000e\000n\000g\000e\000r\000\040\000i\000n\000c\000e\000n\000t\000i\000v\000e\000s\000\040\000t\000o\000\040\000d\000i\000s\000p\000u\000t\000e}{section.1}% 4
\BOOKMARK [1][-]{section.2}{\376\377\000E\000n\000f\000o\000r\000c\000e\000m\000e\000n\000t\000\040\000v\000i\000a\000b\000i\000l\000i\000t\000y\000\040\000a\000n\000d\000\040\000p\000a\000r\000t\000i\000c\000i\000p\000a\000t\000i\000o\000n}{part.1}% 5
\BOOKMARK [2][-]{subsection.2.1}{\376\377\000P\000r\000o\000v\000i\000d\000e\000r\000\040\000p\000a\000r\000t\000i\000c\000i\000p\000a\000t\000i\000o\000n}{section.2}% 6
\BOOKMARK [2][-]{subsection.2.2}{\376\377\000F\000e\000a\000s\000i\000b\000i\000l\000i\000t\000y\000\040\000a\000n\000d\000\040\000t\000i\000m\000e\000o\000u\000t\000s}{section.2}% 7
\BOOKMARK [1][-]{section.3}{\376\377\000T\000r\000u\000s\000t\000e\000d\000\040\000o\000n\000-\000c\000h\000a\000i\000n\000\040\000f\000a\000l\000l\000b\000a\000c\000k\000\040\000p\000r\000o\000v\000i\000d\000e\000r\000s}{part.1}% 8
\BOOKMARK [1][-]{section.4}{\376\377\000C\000l\000i\000e\000n\000t\000\040\000p\000a\000r\000t\000i\000c\000i\000p\000a\000t\000i\000o\000n\000\040\000a\000n\000d\000\040\000w\000e\000l\000f\000a\000r\000e\000\040\000a\000c\000c\000o\000u\000n\000t\000i\000n\000g}{part.1}% 9
\BOOKMARK [0][-]{part.2}{\376\377\000I\000I\000\040\000F\000r\000a\000u\000d\000\040\000D\000e\000t\000e\000c\000t\000i\000o\000n}{}% 10
\BOOKMARK [1][-]{section.5}{\376\377\000B\000e\000l\000i\000e\000f\000-\000b\000a\000s\000e\000d\000\040\000a\000u\000d\000i\000t\000i\000n\000g}{part.2}% 11
\BOOKMARK [2][-]{subsection.5.1}{\376\377\000S\000i\000g\000n\000a\000l\000s\000\040\000a\000n\000d\000\040\000p\000o\000s\000t\000e\000r\000i\000o\000r\000\040\000b\000e\000l\000i\000e\000f}{section.5}% 12
\BOOKMARK [2][-]{subsection.5.2}{\376\377\000A\000u\000d\000i\000t\000\040\000a\000n\000d\000\040\000d\000i\000s\000p\000u\000t\000e\000\040\000d\000e\000c\000i\000s\000i\000o\000n\000s}{section.5}% 13
\BOOKMARK [1][-]{section.6}{\376\377\000I\000n\000s\000p\000e\000c\000t\000i\000o\000n\000\040\000g\000a\000m\000e\000\040\000w\000i\000t\000h\000\040\000m\000i\000x\000e\000d\000\040\000e\000q\000u\000i\000l\000i\000b\000r\000i\000u\000m}{part.2}% 14
\BOOKMARK [2][-]{subsection.6.1}{\376\377\000G\000a\000m\000e\000\040\000s\000p\000e\000c\000i\000f\000i\000c\000a\000t\000i\000o\000n}{section.6}% 15
\BOOKMARK [2][-]{subsection.6.2}{\376\377\000M\000i\000x\000e\000d\000\040\000e\000q\000u\000i\000l\000i\000b\000r\000i\000u\000m}{section.6}% 16
\BOOKMARK [2][-]{subsection.6.3}{\376\377\000I\000n\000t\000e\000r\000p\000r\000e\000t\000a\000t\000i\000o\000n\000\040\000a\000n\000d\000\040\000c\000o\000m\000p\000a\000r\000a\000t\000i\000v\000e\000\040\000s\000t\000a\000t\000i\000c\000s}{section.6}% 17
\BOOKMARK [1][-]{section.7}{\376\377\000R\000e\000p\000u\000t\000a\000t\000i\000o\000n\000\040\000a\000n\000d\000\040\000r\000e\000p\000e\000a\000t\000e\000d\000\040\000i\000n\000t\000e\000r\000a\000c\000t\000i\000o\000n\000\040\000\050\000e\000x\000t\000e\000n\000s\000i\000o\000n\000\051}{part.2}% 18
\BOOKMARK [1][-]{section.8}{\376\377\000P\000r\000o\000t\000o\000c\000o\000l\000\040\000d\000e\000s\000i\000g\000n\000\040\000r\000e\000c\000o\000m\000m\000e\000n\000d\000a\000t\000i\000o\000n\000s}{part.2}% 19
\BOOKMARK [2][-]{subsection.8.1}{\376\377\000S\000t\000a\000k\000e\000\040\000f\000l\000o\000o\000r\000s\000\040\000i\000n\000d\000e\000x\000e\000d\000\040\000b\000y\000\040\000j\000o\000b\000\040\000c\000l\000a\000s\000s}{section.8}% 20
\BOOKMARK [2][-]{subsection.8.2}{\376\377\000P\000e\000r\000m\000i\000s\000s\000i\000o\000n\000l\000e\000s\000s\000\040\000c\000h\000a\000l\000l\000e\000n\000g\000i\000n\000g\000\040\000a\000n\000d\000\040\000w\000a\000t\000c\000h\000e\000r\000\040\000m\000a\000r\000k\000e\000t\000s}{section.8}% 21
\BOOKMARK [2][-]{subsection.8.3}{\376\377\000R\000a\000n\000d\000o\000m\000i\000z\000e\000d\000\040\000a\000u\000d\000i\000t\000s}{section.8}% 22
\BOOKMARK [2][-]{subsection.8.4}{\376\377\000R\000e\000d\000u\000c\000i\000n\000g\000\040\000v\000e\000r\000i\000f\000i\000c\000a\000t\000i\000o\000n\000\040\000c\000o\000s\000t}{section.8}% 23
\BOOKMARK [2][-]{subsection.8.5}{\376\377\000T\000i\000m\000e\000o\000u\000t\000\040\000s\000i\000z\000i\000n\000g}{section.8}% 24
\BOOKMARK [2][-]{subsection.8.6}{\376\377\000A\000n\000t\000i\000-\000g\000r\000i\000e\000f\000i\000n\000g}{section.8}% 25
\BOOKMARK [1][-]{section.9}{\376\377\000C\000o\000n\000c\000l\000u\000s\000i\000o\000n\000s}{part.2}% 26
